[debug] [2020-03-03T14:46:35.982Z] ----------------------------------------------------------------------
[debug] [2020-03-03T14:46:35.986Z] Command:       /usr/local/bin/node /usr/local/bin/firebase init
[debug] [2020-03-03T14:46:35.986Z] CLI Version:   7.14.0
[debug] [2020-03-03T14:46:35.986Z] Platform:      darwin
[debug] [2020-03-03T14:46:35.986Z] Node Version:  v12.14.0
[debug] [2020-03-03T14:46:35.988Z] Time:          Tue Mar 03 2020 09:46:35 GMT-0500 (Eastern Standard Time)
[debug] [2020-03-03T14:46:35.988Z] ----------------------------------------------------------------------
[debug] [2020-03-03T14:46:35.988Z] 
[debug] [2020-03-03T14:46:36.007Z] > command requires scopes: ["email","openid","https://www.googleapis.com/auth/cloudplatformprojects.readonly","https://www.googleapis.com/auth/firebase","https://www.googleapis.com/auth/cloud-platform"]
[debug] [2020-03-03T14:46:36.008Z] > authorizing via signed-in user
[info] 
     ######## #### ########  ######## ########     ###     ######  ########
     ##        ##  ##     ## ##       ##     ##  ##   ##  ##       ##
     ######    ##  ########  ######   ########  #########  ######  ######
     ##        ##  ##    ##  ##       ##     ## ##     ##       ## ##
     ##       #### ##     ## ######## ########  ##     ##  ######  ########

You're about to initialize a Firebase project in this directory:

  /Users/student128/Desktop/mid_mod2

[info] 
=== Project Setup
[info] 
[info] First, let's associate this project directory with a Firebase project.
[info] You can create multiple project aliases by running firebase use --add, 
[info] but for now we'll just set up a default project.
[info] 
